<?xml version="1.0" encoding="UTF-8"?>
<!-- Generated by org.testng.reporters.JUnitReportReporter -->
<testsuite hostname="IN-GDY1GK3" failures="0" tests="1" name="tests.HistoryTests" time="97.493" errors="0" timestamp="2024-02-13T19:48:05 IST" skipped="0">
  <testcase classname="tests.HistoryTests" name="historyStoreFunctionality" time="97.493"/>
  <system-out/>
</testsuite> <!-- tests.HistoryTests -->
