<?xml version="1.0" encoding="UTF-8"?>
<!-- Generated by org.testng.reporters.JUnitReportReporter -->
<testsuite hostname="IN-GDY1GK3" failures="0" tests="1" name="tests.TransactionsTest" time="50.477" errors="0" timestamp="2024-02-13T19:49:25 IST" skipped="0">
  <testcase classname="tests.TransactionsTest" name="transactions" time="50.477"/>
  <system-out/>
</testsuite> <!-- tests.TransactionsTest -->
