<?xml version="1.0" encoding="UTF-8"?>
<!-- Generated by org.testng.reporters.JUnitReportReporter -->
<testsuite hostname="IN-GDY1GK3" failures="0" tests="3" name="com.tmb.tests.Annotations$testngAnnotations" time="0.008" errors="0" timestamp="2023-12-17T23:15:17 IST" skipped="0">
  <testcase classname="com.tmb.tests.Annotations$testngAnnotations" name="testMethod" time="0.002"/>
  <system-out/>
  <testcase classname="com.tmb.tests.Annotations$testngAnnotations" name="testMethod" time="0.004"/>
  <system-out/>
  <testcase classname="com.tmb.tests.Annotations$testngAnnotations" name="testMethod" time="0.002"/>
  <system-out/>
</testsuite> <!-- com.tmb.tests.Annotations$testngAnnotations -->
